benchmark/build/intermediates/manifest_merge_blame_file/debug/manifest-merger-blame-debug-report.txt
1<?xml version="1.0" encoding="utf-8"?>
2<manifest xmlns:android="http://schemas.android.com/apk/res/android"
3    package="com.wordland.benchmark" >
4
5    <uses-sdk
5-->manifest/debug/tempFile1ProcessTestManifest1901064830371447896.xml:5:5-74
6        android:minSdkVersion="26"
6-->manifest/debug/tempFile1ProcessTestManifest1901064830371447896.xml:5:15-41
7        android:targetSdkVersion="34" />
7-->manifest/debug/tempFile1ProcessTestManifest1901064830371447896.xml:5:42-71
8
9    <instrumentation
9-->manifest/debug/tempFile1ProcessTestManifest1901064830371447896.xml:11:5-15:62
10        android:name="androidx.benchmark.junit4.AndroidBenchmarkRunner"
10-->manifest/debug/tempFile1ProcessTestManifest1901064830371447896.xml:11:22-85
11        android:functionalTest="false"
11-->manifest/debug/tempFile1ProcessTestManifest1901064830371447896.xml:14:22-52
12        android:handleProfiling="false"
12-->manifest/debug/tempFile1ProcessTestManifest1901064830371447896.xml:13:22-53
13        android:label="Tests for com.wordland"
13-->manifest/debug/tempFile1ProcessTestManifest1901064830371447896.xml:15:22-60
14        android:targetPackage="com.wordland" />
14-->manifest/debug/tempFile1ProcessTestManifest1901064830371447896.xml:12:22-58
15
16    <uses-permission android:name="android.permission.QUERY_ALL_PACKAGES" />
16-->[androidx.benchmark:benchmark-macro:1.2.3] AndroidManifest.xml:23:5-25:53
16-->[androidx.benchmark:benchmark-macro:1.2.3] AndroidManifest.xml:24:9-61
17    <!--
18         Internet permission is required for perfetto trace shell processor http server but
19        it's used to reach localhost only
20    -->
21    <uses-permission android:name="android.permission.INTERNET" />
21-->[androidx.benchmark:benchmark-macro:1.2.3] AndroidManifest.xml:31:5-67
21-->[androidx.benchmark:benchmark-macro:1.2.3] AndroidManifest.xml:31:22-64
22    <!--
23    This is needed to write benchmark report data to an external directory during instrumented
24    tests to allow the accompanying androidx.benchmark gradle plugin to pull the reports onto host
25     machine after the tests are done running.
26    -->
27    <uses-permission android:name="android.permission.WRITE_EXTERNAL_STORAGE" />
27-->[androidx.benchmark:benchmark-common:1.2.3] AndroidManifest.xml:27:5-81
27-->[androidx.benchmark:benchmark-common:1.2.3] AndroidManifest.xml:27:22-78
28    <uses-permission android:name="android.permission.READ_EXTERNAL_STORAGE" />
29    <uses-permission android:name="android.permission.REORDER_TASKS" />
29-->[androidx.test:core:1.5.0] AndroidManifest.xml:24:5-72
29-->[androidx.test:core:1.5.0] AndroidManifest.xml:24:22-69
30
31    <queries>
31-->[androidx.test:runner:1.5.2] AndroidManifest.xml:24:5-28:15
32        <package android:name="androidx.test.orchestrator" />
32-->[androidx.test:runner:1.5.2] AndroidManifest.xml:25:9-62
32-->[androidx.test:runner:1.5.2] AndroidManifest.xml:25:18-59
33        <package android:name="androidx.test.services" />
33-->[androidx.test:runner:1.5.2] AndroidManifest.xml:26:9-58
33-->[androidx.test:runner:1.5.2] AndroidManifest.xml:26:18-55
34        <package android:name="com.google.android.apps.common.testing.services" />
34-->[androidx.test:runner:1.5.2] AndroidManifest.xml:27:9-83
34-->[androidx.test:runner:1.5.2] AndroidManifest.xml:27:18-80
35    </queries>
36
37    <application
37-->manifest/debug/tempFile1ProcessTestManifest1901064830371447896.xml:7:5-9:19
38        android:debuggable="true"
39        android:extractNativeLibs="false"
40        android:networkSecurityConfig="@xml/network_security_config" >
40-->[androidx.benchmark:benchmark-macro:1.2.3] AndroidManifest.xml:42:18-78
41        <uses-library android:name="android.test.runner" />
41-->manifest/debug/tempFile1ProcessTestManifest1901064830371447896.xml:8:9-60
41-->manifest/debug/tempFile1ProcessTestManifest1901064830371447896.xml:8:23-57
42        <!-- Activity used to block background content while benchmarks are running -->
43        <activity
43-->[androidx.benchmark:benchmark-common:1.2.3] AndroidManifest.xml:32:9-36:20
44            android:name="androidx.benchmark.IsolationActivity"
44-->[androidx.benchmark:benchmark-common:1.2.3] AndroidManifest.xml:33:13-64
45            android:exported="true"
45-->[androidx.benchmark:benchmark-common:1.2.3] AndroidManifest.xml:34:13-36
46            android:theme="@android:style/Theme.Light.NoTitleBar.Fullscreen" >
46-->[androidx.benchmark:benchmark-common:1.2.3] AndroidManifest.xml:35:13-77
47        </activity>
48        <activity
48-->[androidx.test:core:1.5.0] AndroidManifest.xml:27:9-34:20
49            android:name="androidx.test.core.app.InstrumentationActivityInvoker$BootstrapActivity"
49-->[androidx.test:core:1.5.0] AndroidManifest.xml:28:13-99
50            android:exported="true"
50-->[androidx.test:core:1.5.0] AndroidManifest.xml:29:13-36
51            android:theme="@style/WhiteBackgroundTheme" >
51-->[androidx.test:core:1.5.0] AndroidManifest.xml:30:13-56
52            <intent-filter android:priority="-100" >
52-->[androidx.test:core:1.5.0] AndroidManifest.xml:31:13-33:29
52-->[androidx.test:core:1.5.0] AndroidManifest.xml:31:28-51
53                <category android:name="android.intent.category.LAUNCHER" />
53-->[androidx.test:core:1.5.0] AndroidManifest.xml:32:17-77
53-->[androidx.test:core:1.5.0] AndroidManifest.xml:32:27-74
54            </intent-filter>
55        </activity>
56        <activity
56-->[androidx.test:core:1.5.0] AndroidManifest.xml:35:9-42:20
57            android:name="androidx.test.core.app.InstrumentationActivityInvoker$EmptyActivity"
57-->[androidx.test:core:1.5.0] AndroidManifest.xml:36:13-95
58            android:exported="true"
58-->[androidx.test:core:1.5.0] AndroidManifest.xml:37:13-36
59            android:theme="@style/WhiteBackgroundTheme" >
59-->[androidx.test:core:1.5.0] AndroidManifest.xml:38:13-56
60            <intent-filter android:priority="-100" >
60-->[androidx.test:core:1.5.0] AndroidManifest.xml:31:13-33:29
60-->[androidx.test:core:1.5.0] AndroidManifest.xml:31:28-51
61                <category android:name="android.intent.category.LAUNCHER" />
61-->[androidx.test:core:1.5.0] AndroidManifest.xml:32:17-77
61-->[androidx.test:core:1.5.0] AndroidManifest.xml:32:27-74
62            </intent-filter>
63        </activity>
64        <activity
64-->[androidx.test:core:1.5.0] AndroidManifest.xml:43:9-50:20
65            android:name="androidx.test.core.app.InstrumentationActivityInvoker$EmptyFloatingActivity"
65-->[androidx.test:core:1.5.0] AndroidManifest.xml:44:13-103
66            android:exported="true"
66-->[androidx.test:core:1.5.0] AndroidManifest.xml:45:13-36
67            android:theme="@style/WhiteBackgroundDialogTheme" >
67-->[androidx.test:core:1.5.0] AndroidManifest.xml:46:13-62
68            <intent-filter android:priority="-100" >
68-->[androidx.test:core:1.5.0] AndroidManifest.xml:31:13-33:29
68-->[androidx.test:core:1.5.0] AndroidManifest.xml:31:28-51
69                <category android:name="android.intent.category.LAUNCHER" />
69-->[androidx.test:core:1.5.0] AndroidManifest.xml:32:17-77
69-->[androidx.test:core:1.5.0] AndroidManifest.xml:32:27-74
70            </intent-filter>
71        </activity>
72
73        <receiver
73-->[androidx.tracing:tracing-perfetto:1.0.0] AndroidManifest.xml:24:9-37:20
74            android:name="androidx.tracing.perfetto.TracingReceiver"
74-->[androidx.tracing:tracing-perfetto:1.0.0] AndroidManifest.xml:25:13-69
75            android:directBootAware="false"
75-->[androidx.tracing:tracing-perfetto:1.0.0] AndroidManifest.xml:26:13-44
76            android:enabled="true"
76-->[androidx.tracing:tracing-perfetto:1.0.0] AndroidManifest.xml:27:13-35
77            android:exported="true"
77-->[androidx.tracing:tracing-perfetto:1.0.0] AndroidManifest.xml:28:13-36
78            android:permission="android.permission.DUMP" >
78-->[androidx.tracing:tracing-perfetto:1.0.0] AndroidManifest.xml:29:13-57
79
80            <!-- Note: DUMP above highly limits who can call the receiver; Shell has DUMP perm. -->
81            <intent-filter>
81-->[androidx.tracing:tracing-perfetto:1.0.0] AndroidManifest.xml:32:13-36:29
82                <action android:name="androidx.tracing.perfetto.action.ENABLE_TRACING" />
82-->[androidx.tracing:tracing-perfetto:1.0.0] AndroidManifest.xml:33:17-90
82-->[androidx.tracing:tracing-perfetto:1.0.0] AndroidManifest.xml:33:25-87
83                <action android:name="androidx.tracing.perfetto.action.ENABLE_TRACING_COLD_START" />
83-->[androidx.tracing:tracing-perfetto:1.0.0] AndroidManifest.xml:34:17-101
83-->[androidx.tracing:tracing-perfetto:1.0.0] AndroidManifest.xml:34:25-98
84                <action android:name="androidx.tracing.perfetto.action.DISABLE_TRACING_COLD_START" />
84-->[androidx.tracing:tracing-perfetto:1.0.0] AndroidManifest.xml:35:17-102
84-->[androidx.tracing:tracing-perfetto:1.0.0] AndroidManifest.xml:35:25-99
85            </intent-filter>
86        </receiver>
87
88        <provider
88-->[androidx.tracing:tracing-perfetto:1.0.0] AndroidManifest.xml:39:9-47:20
89            android:name="androidx.startup.InitializationProvider"
89-->[androidx.tracing:tracing-perfetto:1.0.0] AndroidManifest.xml:40:13-67
90            android:authorities="com.wordland.benchmark.androidx-startup"
90-->[androidx.tracing:tracing-perfetto:1.0.0] AndroidManifest.xml:41:13-68
91            android:exported="false" >
91-->[androidx.tracing:tracing-perfetto:1.0.0] AndroidManifest.xml:42:13-37
92            <meta-data
92-->[androidx.tracing:tracing-perfetto:1.0.0] AndroidManifest.xml:44:13-46:52
93                android:name="androidx.tracing.perfetto.StartupTracingInitializer"
93-->[androidx.tracing:tracing-perfetto:1.0.0] AndroidManifest.xml:45:17-83
94                android:value="androidx.startup" />
94-->[androidx.tracing:tracing-perfetto:1.0.0] AndroidManifest.xml:46:17-49
95        </provider>
96
97        <receiver
97-->[androidx.tracing:tracing-perfetto:1.0.0] AndroidManifest.xml:49:9-55:20
98            android:name="androidx.tracing.perfetto.StartupTracingConfigStoreIsEnabledGate"
98-->[androidx.tracing:tracing-perfetto:1.0.0] AndroidManifest.xml:50:13-92
99            android:directBootAware="false"
99-->[androidx.tracing:tracing-perfetto:1.0.0] AndroidManifest.xml:51:13-44
100            android:enabled="false"
100-->[androidx.tracing:tracing-perfetto:1.0.0] AndroidManifest.xml:52:13-36
101            android:exported="false" >
101-->[androidx.tracing:tracing-perfetto:1.0.0] AndroidManifest.xml:53:13-37
102        </receiver>
103    </application>
104
105</manifest>